0 info it worked if it ends with ok
1 verbose cli [ 'C:\\Program Files\\nodejs\\node.exe',
1 verbose cli   'C:\\Program Files\\nodejs\\node_modules\\npm\\bin\\npm-cli.js',
1 verbose cli   'run',
1 verbose cli   'build' ]
2 info using npm@3.10.10
3 info using node@v6.11.1
4 verbose run-script [ 'prebuild', 'build', 'postbuild' ]
5 info lifecycle node-metaverse@0.0.1~prebuild: node-metaverse@0.0.1
6 silly lifecycle node-metaverse@0.0.1~prebuild: no script for prebuild, continuing
7 info lifecycle node-metaverse@0.0.1~build: node-metaverse@0.0.1
8 verbose lifecycle node-metaverse@0.0.1~build: unsafe-perm in lifecycle true
9 verbose lifecycle node-metaverse@0.0.1~build: PATH: C:\Program Files\nodejs\node_modules\npm\bin\node-gyp-bin;C:\Projects\node-metaverse\node_modules\.bin;C:\Program Files\ImageMagick-6.9.8-Q16;C:\Program Files (x86)\Common Files\Intel\Shared Libraries\redist\intel64\compiler;C:\Program Files\Oculus\Support\oculus-runtime;C:\ProgramData\Oracle\Java\javapath;C:\Program Files (x86)\Intel\iCLS Client\;C:\Program Files\Intel\iCLS Client\;C:\Windows\system32;C:\Windows;C:\Windows\System32\Wbem;C:\Windows\System32\WindowsPowerShell\v1.0\;C:\Program Files\PuTTY\;C:\Program Files (x86)\NVIDIA Corporation\PhysX\Common;C:\Program Files\OpenVPN\bin;C:\Program Files (x86)\Skype\Phone\;C:\Program Files (x86)\Intel\Intel(R) Management Engine Components\DAL;C:\Program Files\Intel\Intel(R) Management Engine Components\DAL;C:\Program Files (x86)\Intel\Intel(R) Management Engine Components\IPT;C:\Program Files\Intel\Intel(R) Management Engine Components\IPT;C:\Program Files\TortoiseGit\bin;C:\Program Files\nodejs\;C:\Program Files\Java\jdk1.8.0_141\bin;C:\ApacheAnt\bin;C:\Users\Tom\AppData\local\Android\sdk\tools;C:\Users\Tom\AppData\local\Android\sdk\platform-tools;C:\Program Files\Microsoft SQL Server\110\Tools\Binn\;C:\Program Files (x86)\QuickTime\QTSystem\;C:\Program Files\Microsoft SQL Server\130\Tools\Binn\;C:\Program Files\Git\cmd;C:\Program Files (x86)\GtkSharp\2.12\bin;C:\ffmpeg\bin;C:\Python27;C:\php;C:\ProgramData\ComposerSetup\bin;C:\WINDOWS\system32;C:\WINDOWS;C:\WINDOWS\System32\Wbem;C:\WINDOWS\System32\WindowsPowerShell\v1.0\;C:\Users\Tom\AppData\Local\Microsoft\WindowsApps;C:\Users\Tom\AppData\Roaming\npm;C:\Users\Tom\AppData\Roaming\Composer\vendor\bin
10 verbose lifecycle node-metaverse@0.0.1~build: CWD: C:\Projects\node-metaverse
11 silly lifecycle node-metaverse@0.0.1~build: Args: [ '/d /s /c', 'tsc --removeComments' ]
12 silly lifecycle node-metaverse@0.0.1~build: Returned: code: 2  signal: null
13 info lifecycle node-metaverse@0.0.1~build: Failed to exec build script
14 verbose stack Error: node-metaverse@0.0.1 build: `tsc --removeComments`
14 verbose stack Exit status 2
14 verbose stack     at EventEmitter.<anonymous> (C:\Program Files\nodejs\node_modules\npm\lib\utils\lifecycle.js:255:16)
14 verbose stack     at emitTwo (events.js:106:13)
14 verbose stack     at EventEmitter.emit (events.js:191:7)
14 verbose stack     at ChildProcess.<anonymous> (C:\Program Files\nodejs\node_modules\npm\lib\utils\spawn.js:40:14)
14 verbose stack     at emitTwo (events.js:106:13)
14 verbose stack     at ChildProcess.emit (events.js:191:7)
14 verbose stack     at maybeClose (internal/child_process.js:891:16)
14 verbose stack     at Process.ChildProcess._handle.onexit (internal/child_process.js:226:5)
15 verbose pkgid node-metaverse@0.0.1
16 verbose cwd C:\Projects\node-metaverse\example
17 error Windows_NT 10.0.16299
18 error argv "C:\\Program Files\\nodejs\\node.exe" "C:\\Program Files\\nodejs\\node_modules\\npm\\bin\\npm-cli.js" "run" "build"
19 error node v6.11.1
20 error npm  v3.10.10
21 error code ELIFECYCLE
22 error node-metaverse@0.0.1 build: `tsc --removeComments`
22 error Exit status 2
23 error Failed at the node-metaverse@0.0.1 build script 'tsc --removeComments'.
23 error Make sure you have the latest version of node.js and npm installed.
23 error If you do, this is most likely a problem with the node-metaverse package,
23 error not with npm itself.
23 error Tell the author that this fails on your system:
23 error     tsc --removeComments
23 error You can get information on how to open an issue for this project with:
23 error     npm bugs node-metaverse
23 error Or if that isn't available, you can get their info via:
23 error     npm owner ls node-metaverse
23 error There is likely additional logging output above.
24 verbose exit [ 1, true ]
